r0 master: /home/hola/Desktop/DNN/data_parallelism
r0 Launching python script
SLURM_NTASKS_PER_NODE: 1
SLURM_JOB_NUM_NODES: 1
Starting...
The World Size is 1, From Rank: 0, ==> Initializing Process Group...
process group ready!
From Rank: 0, ==> Making model..
From Rank: 0, ==> Preparing data..
Files already downloaded and verified
From Rank: 0, Training time 0:00:00.510034, epoch 0, steps 0
From Rank: 0, Training time 0:00:00.699607, epoch 0, steps 30
From Rank: 0, Training time 0:00:00.861497, epoch 0, steps 60
From Rank: 0, Training time 0:00:01.014814, epoch 0, steps 90
From Rank: 0, Training time 0:00:01.168350, epoch 0, steps 120
From Rank: 0, Training time 0:00:01.315999, epoch 0, steps 150
From Rank: 0, Training time 0:00:01.463305, epoch 0, steps 180
From Rank: 0, Training time 0:00:00.414293, epoch 1, steps 0
From Rank: 0, Training time 0:00:00.560291, epoch 1, steps 30
From Rank: 0, Training time 0:00:00.709729, epoch 1, steps 60
From Rank: 0, Training time 0:00:00.865980, epoch 1, steps 90
From Rank: 0, Training time 0:00:01.049977, epoch 1, steps 120
From Rank: 0, Training time 0:00:01.199424, epoch 1, steps 150
From Rank: 0, Training time 0:00:01.348142, epoch 1, steps 180
From Rank: 0, starting time2024-03-27 19:50:37.672747, ending time 2024-03-27 19:50:40.659494, taking time2.9867470264434814
